<?xml version="1.0" encoding="UTF-8" ?>
<testsuite errors="0" failures="0" hostname="YASHODHA" name="com.alogorithm.sorting.TestSortingAlgorithms" tests="2" time="0.212" timestamp="2013-05-29T06:50:48">
  <properties>
[...]
</properties>
  <testcase classname="com.alogorithm.sorting.TestSortingAlgorithms" name="shouldReturnSortedCollectionFromBubbleSortAlgorithm" time="0.01" />
  <testcase classname="com.alogorithm.sorting.TestSortingAlgorithms" name="shouldReturnSortedCollectionFromQuickSortAlgorithm" time="0.002" />
  <system-out><![CDATA[
Data set Before Sorting : 	[10, 67, 21, 96, 66, 48, 33, 3, 5, 90]
Data set After Bubble Sorting : 	[3, 5, 10, 21, 33, 48, 66, 67, 90, 96]

Data set Before Sorting : 	[77, 58, 22, 93, 55, 15, 15, 80, 90, 89]
Data set After Quick Sorting : 	[15, 15, 22, 55, 58, 77, 80, 89, 90, 93]
]]></system-out>
  <system-err><![CDATA[]]></system-err>
</testsuite>
